# JRE version: OpenJDK Runtime Environment (20.0.1+9) (build 20.0.1+9-29)
# Java VM: OpenJDK 64-Bit Server VM (20.0.1+9-29, mixed mode, sharing, tiered, compressed oops, compressed class ptrs, g1 gc, bsd-aarch64)
GC Precious Log:
 CardTable entry size: 512
 Card Set container configuration: InlinePtr #cards 5 size 8 Array Of Cards #cards 12 size 40 Howl #buckets 4 coarsen threshold 1843 Howl Bitmap #cards 512 size 80 coarsen threshold 460 Card regions per heap region 1 cards per card region 2048
 CPUs: 12 total, 12 available
 Memory: 32768M
 Large Page Support: Disabled
 NUMA Support: Disabled
 Compressed Oops: Enabled (Zero based)
 Heap Region Size: 1M
 Heap Min Capacity: 8M
 Heap Initial Capacity: 8M
 Heap Max Capacity: 8M
 Pre-touch: Disabled
 Parallel Workers: 10
 Concurrent Workers: 3
 Concurrent Refinement Workers: 10
 Periodic GC: Disabled
Heap:
 garbage-first heap   total 8192K, used 6131K [0x00000007ff800000, 0x0000000800000000)
  region size 1024K, 0 young (0K), 0 survivors (0K)
 Metaspace       used 15870K, committed 16192K, reserved 1114112K
  class space    used 1901K, committed 2048K, reserved 1048576K
GC Heap History (20 events):
Event: 1.300 GC heap after
{Heap after GC invocations=240 (full 95):
 garbage-first heap   total 8192K, used 6075K [0x00000007ff800000, 0x0000000800000000)
  region size 1024K, 0 young (0K), 0 survivors (0K)
 Metaspace       used 15814K, committed 16128K, reserved 1114112K
  class space    used 1894K, committed 2048K, reserved 1048576K
}
Event: 1.305 GC heap before
{Heap before GC invocations=240 (full 95):
 garbage-first heap   total 8192K, used 7099K [0x00000007ff800000, 0x0000000800000000)
  region size 1024K, 1 young (1024K), 0 survivors (0K)
 Metaspace       used 15873K, committed 16192K, reserved 1114112K
  class space    used 1905K, committed 2048K, reserved 1048576K
}
Event: 1.305 GC heap after
{Heap after GC invocations=241 (full 95):
 garbage-first heap   total 8192K, used 7099K [0x00000007ff800000, 0x0000000800000000)
  region size 1024K, 0 young (0K), 0 survivors (0K)
 Metaspace       used 15873K, committed 16192K, reserved 1114112K
  class space    used 1905K, committed 2048K, reserved 1048576K
}
Event: 1.305 GC heap before
{Heap before GC invocations=241 (full 95):
 garbage-first heap   total 8192K, used 7099K [0x00000007ff800000, 0x0000000800000000)
  region size 1024K, 0 young (0K), 0 survivors (0K)
 Metaspace       used 15873K, committed 16192K, reserved 1114112K
  class space    used 1905K, committed 2048K, reserved 1048576K
}
Event: 1.313 GC heap after
{Heap after GC invocations=242 (full 96):
 garbage-first heap   total 8192K, used 6137K [0x00000007ff800000, 0x0000000800000000)
  region size 1024K, 0 young (0K), 0 survivors (0K)
 Metaspace       used 15873K, committed 16192K, reserved 1114112K
  class space    used 1905K, committed 2048K, reserved 1048576K
}
Event: 1.313 GC heap before
{Heap before GC invocations=242 (full 96):
 garbage-first heap   total 8192K, used 6137K [0x00000007ff800000, 0x0000000800000000)
  region size 1024K, 0 young (0K), 0 survivors (0K)
 Metaspace       used 15873K, committed 16192K, reserved 1114112K
  class space    used 1905K, committed 2048K, reserved 1048576K
}
Event: 1.323 GC heap after
{Heap after GC invocations=243 (full 97):
 garbage-first heap   total 8192K, used 6107K [0x00000007ff800000, 0x0000000800000000)
  region size 1024K, 0 young (0K), 0 survivors (0K)
 Metaspace       used 15855K, committed 16192K, reserved 1114112K
  class space    used 1900K, committed 2048K, reserved 1048576K
}
Event: 1.326 GC heap before
{Heap before GC invocations=243 (full 97):
 garbage-first heap   total 8192K, used 7131K [0x00000007ff800000, 0x0000000800000000)
  region size 1024K, 1 young (1024K), 0 survivors (0K)
 Metaspace       used 15863K, committed 16192K, reserved 1114112K
  class space    used 1900K, committed 2048K, reserved 1048576K
}
Event: 1.327 GC heap after
{Heap after GC invocations=244 (full 97):
 garbage-first heap   total 8192K, used 7131K [0x00000007ff800000, 0x0000000800000000)
  region size 1024K, 0 young (0K), 0 survivors (0K)
 Metaspace       used 15863K, committed 16192K, reserved 1114112K
  class space    used 1900K, committed 2048K, reserved 1048576K
}
Event: 1.327 GC heap before
{Heap before GC invocations=244 (full 97):
 garbage-first heap   total 8192K, used 7131K [0x00000007ff800000, 0x0000000800000000)
  region size 1024K, 0 young (0K), 0 survivors (0K)
 Metaspace       used 15863K, committed 16192K, reserved 1114112K
  class space    used 1900K, committed 2048K, reserved 1048576K
}
Event: 1.335 GC heap after
{Heap after GC invocations=245 (full 98):
 garbage-first heap   total 8192K, used 6255K [0x00000007ff800000, 0x0000000800000000)
  region size 1024K, 0 young (0K), 0 survivors (0K)
 Metaspace       used 15863K, committed 16192K, reserved 1114112K
  class space    used 1900K, committed 2048K, reserved 1048576K
}
Event: 1.335 GC heap before
{Heap before GC invocations=245 (full 98):
 garbage-first heap   total 8192K, used 6255K [0x00000007ff800000, 0x0000000800000000)
  region size 1024K, 0 young (0K), 0 survivors (0K)
 Metaspace       used 15863K, committed 16192K, reserved 1114112K
  class space    used 1900K, committed 2048K, reserved 1048576K
}
Event: 1.344 GC heap after
{Heap after GC invocations=246 (full 99):
 garbage-first heap   total 8192K, used 6131K [0x00000007ff800000, 0x0000000800000000)
  region size 1024K, 0 young (0K), 0 survivors (0K)
 Metaspace       used 15863K, committed 16192K, reserved 1114112K
  class space    used 1900K, committed 2048K, reserved 1048576K
}
Event: 1.344 GC heap before
{Heap before GC invocations=246 (full 99):
 garbage-first heap   total 8192K, used 6131K [0x00000007ff800000, 0x0000000800000000)
  region size 1024K, 0 young (0K), 0 survivors (0K)
 Metaspace       used 15863K, committed 16192K, reserved 1114112K
  class space    used 1900K, committed 2048K, reserved 1048576K
}
Event: 1.344 GC heap after
{Heap after GC invocations=247 (full 99):
 garbage-first heap   total 8192K, used 6131K [0x00000007ff800000, 0x0000000800000000)
  region size 1024K, 0 young (0K), 0 survivors (0K)
 Metaspace       used 15863K, committed 16192K, reserved 1114112K
  class space    used 1900K, committed 2048K, reserved 1048576K
}
Event: 1.344 GC heap before
{Heap before GC invocations=247 (full 99):
 garbage-first heap   total 8192K, used 6131K [0x00000007ff800000, 0x0000000800000000)
  region size 1024K, 0 young (0K), 0 survivors (0K)
 Metaspace       used 15863K, committed 16192K, reserved 1114112K
  class space    used 1900K, committed 2048K, reserved 1048576K
}
Event: 1.352 GC heap after
{Heap after GC invocations=248 (full 100):
 garbage-first heap   total 8192K, used 6131K [0x00000007ff800000, 0x0000000800000000)
  region size 1024K, 0 young (0K), 0 survivors (0K)
 Metaspace       used 15863K, committed 16192K, reserved 1114112K
  class space    used 1900K, committed 2048K, reserved 1048576K
}
Event: 1.352 GC heap before
{Heap before GC invocations=248 (full 100):
 garbage-first heap   total 8192K, used 6131K [0x00000007ff800000, 0x0000000800000000)
  region size 1024K, 0 young (0K), 0 survivors (0K)
 Metaspace       used 15863K, committed 16192K, reserved 1114112K
  class space    used 1900K, committed 2048K, reserved 1048576K
}
Event: 1.360 GC heap after
{Heap after GC invocations=249 (full 101):
 garbage-first heap   total 8192K, used 6131K [0x00000007ff800000, 0x0000000800000000)
  region size 1024K, 0 young (0K), 0 survivors (0K)
 Metaspace       used 15863K, committed 16192K, reserved 1114112K
  class space    used 1900K, committed 2048K, reserved 1048576K
}
Event: 1.366 GC heap before
{Heap before GC invocations=249 (full 101):
 garbage-first heap   total 8192K, used 6131K [0x00000007ff800000, 0x0000000800000000)
  region size 1024K, 0 young (0K), 0 survivors (0K)
 Metaspace       used 15870K, committed 16192K, reserved 1114112K
  class space    used 1901K, committed 2048K, reserved 1048576K
}

